TN:
SF:src/lib/components/AppShell/AppShell.tsx
FN:11,AppShell
FNF:1
FNH:1
FNDA:4,AppShell
DA:2,1
DA:11,1
DA:12,4
DA:13,4
DA:14,4
DA:15,4
DA:16,4
DA:17,4
DA:19,4
DA:21,4
DA:22,4
DA:23,4
DA:24,4
DA:26,4
DA:28,1
LF:15
LH:15
BRDA:11,0,0,4
BRDA:16,1,0,1
BRDA:16,2,0,3
BRDA:22,3,0,3
BRF:4
BRH:4
end_of_record
TN:
SF:src/lib/components/GameCard/GameCard.tsx
FN:4,GameCard
FNF:1
FNH:1
FNDA:2,GameCard
DA:2,1
DA:4,1
DA:5,2
DA:6,2
DA:7,2
DA:8,2
DA:9,2
DA:10,2
DA:11,2
DA:13,2
LF:10
LH:10
BRDA:4,0,0,2
BRF:1
BRH:1
end_of_record
TN:
SF:src/lib/hooks/useBoolean.ts
FN:3,useBoolean
FNF:1
FNH:1
FNDA:7,useBoolean
DA:1,1
DA:3,1
DA:4,7
DA:6,7
DA:7,7
DA:8,7
DA:10,7
DA:11,7
LF:8
LH:8
BRDA:3,0,0,7
BRDA:6,1,0,1
BRDA:7,2,0,1
BRDA:8,3,0,2
BRDA:8,4,0,2
BRF:5
BRH:5
end_of_record
TN:
SF:src/lib/theme/ThemeProvider.tsx
FN:11,ThemeProvider
FNF:1
FNH:1
FNDA:1,ThemeProvider
DA:11,1
DA:12,1
DA:13,1
LF:3
LH:3
BRDA:11,0,0,1
BRF:1
BRH:1
end_of_record
TN:
SF:src/lib/utils/formatDateTime.ts
FN:1,formatDateTime
FNF:1
FNH:1
FNDA:5,formatDateTime
DA:1,1
DA:2,5
DA:3,5
DA:4,5
DA:5,5
DA:6,5
DA:7,5
DA:8,5
LF:8
LH:8
BRDA:1,0,0,5
BRF:1
BRH:1
end_of_record
